<?xml version="1.0" encoding="UTF-8"?>
<testng-results ignored="0" total="1" passed="1" failed="0" skipped="0">
  <reporter-output>
  </reporter-output>
  <suite started-at="2023-03-25T18:04:38 IST" name="Default suite" finished-at="2023-03-25T18:05:23 IST" duration-ms="45283">
    <groups>
      <group name="cucumber">
        <method signature="AbstractTestNGCucumberTests.runScenario(io.cucumber.testng.PickleWrapper,io.cucumber.testng.FeatureWrapper)[pri:0, instance:runner.CucumberRunnerTests@121314f7]" name="runScenario" class="io.cucumber.testng.AbstractTestNGCucumberTests"/>
      </group> <!-- cucumber -->
    </groups>
    <test started-at="2023-03-25T18:04:38 IST" name="Default test" finished-at="2023-03-25T18:05:23 IST" duration-ms="45283">
      <class name="runner.CucumberRunnerTests">
        <test-method is-config="true" signature="setUpClass(org.testng.ITestContext)[pri:0, instance:runner.CucumberRunnerTests@121314f7]" started-at="2023-03-25T18:04:38 IST" name="setUpClass" finished-at="2023-03-25T18:04:39 IST" duration-ms="545" status="PASS">
          <params>
            <param index="0">
              <value>
                <![CDATA[org.testng.TestRunner@783115d9]]>
              </value>
            </param>
          </params>
          <reporter-output>
          </reporter-output>
        </test-method> <!-- setUpClass -->
        <test-method signature="runScenario(io.cucumber.testng.PickleWrapper,io.cucumber.testng.FeatureWrapper)[pri:0, instance:runner.CucumberRunnerTests@121314f7]" started-at="2023-03-25T18:04:39 IST" name="runScenario" description="Runs Cucumber Scenarios" data-provider="scenarios" finished-at="2023-03-25T18:05:23 IST" duration-ms="44638" status="PASS">
          <params>
            <param index="0">
              <value>
                <![CDATA["Add nationality"]]>
              </value>
            </param>
            <param index="1">
              <value>
                <![CDATA["Iam doing automation functionality of Add Skills and Add Nationality and Add Jobs in Orange HRM"]]>
              </value>
            </param>
          </params>
          <reporter-output>
          </reporter-output>
        </test-method> <!-- runScenario -->
        <test-method is-config="true" signature="tearDownClass()[pri:0, instance:runner.CucumberRunnerTests@121314f7]" started-at="2023-03-25T18:05:23 IST" name="tearDownClass" finished-at="2023-03-25T18:05:23 IST" duration-ms="19" status="PASS">
          <reporter-output>
          </reporter-output>
        </test-method> <!-- tearDownClass -->
      </class> <!-- runner.CucumberRunnerTests -->
    </test> <!-- Default test -->
  </suite> <!-- Default suite -->
</testng-results>
